#
# There is insufficient memory for the Java Runtime Environment to continue.
# Native memory allocation (mmap) failed to map 130023424 bytes for Failed to commit area from 0x0000000084000000 to 0x000000008bc00000 of length 130023424.
# Possible reasons:
#   The system is out of physical RAM or swap space
#   The process is running with CompressedOops enabled, and the Java Heap may be blocking the growth of the native heap
# Possible solutions:
#   Reduce memory load on the system
#   Increase physical memory or swap space
#   Check if swap backing store is full
#   Decrease Java heap size (-Xmx/-Xms)
#   Decrease number of Java threads
#   Decrease Java thread stack sizes (-Xss)
#   Set larger code cache with -XX:ReservedCodeCacheSize=
# This output file may be truncated or incomplete.
#
#  Out of Memory Error (./src/hotspot/os/windows/os_windows.cpp:3387), pid=31168, tid=68220
#
# JRE version:  (11.0.14.1+1) (build )
# Java VM: OpenJDK 64-Bit Server VM (11.0.14.1+1, mixed mode, sharing, tiered, compressed oops, g1 gc, windows-amd64)
# No core dump will be written. Minidumps are not enabled by default on client versions of Windows
#

---------------  S U M M A R Y ------------

Command Line: -Dfile.encoding=UTF-8 

Host: Intel(R) Core(TM) i3-1005G1 CPU @ 1.20GHz, 4 cores, 7G,  Windows 10 , 64 bit Build 19041 (10.0.19041.4957)
Time: Tue Oct 15 13:54:04 2024 E. Africa Standard Time elapsed time: 0.060433 seconds (0d 0h 0m 0s)

---------------  T H R E A D  ---------------

Current thread (0x000001786f7d3800):  JavaThread "Unknown thread" [_thread_in_vm, id=68220, stack(0x0000006c0eb00000,0x0000006c0ec00000)]

Stack: [0x0000006c0eb00000,0x0000006c0ec00000]
Native frames: (J=compiled Java code, j=interpreted, Vv=VM code, C=native code)
V  [jvm.dll+0x61e59a]
V  [jvm.dll+0x7aaca9]
V  [jvm.dll+0x7ac398]
V  [jvm.dll+0x7aca73]
V  [jvm.dll+0x24f9b8]
V  [jvm.dll+0x61b83a]
V  [jvm.dll+0x6100c5]
V  [jvm.dll+0x30772c]
V  [jvm.dll+0x3075b2]
V  [jvm.dll+0x30c2d6]
V  [jvm.dll+0x35272f]
V  [jvm.dll+0x352160]
V  [jvm.dll+0x2e4728]
V  [jvm.dll+0x2e5886]
V  [jvm.dll+0x784b07]
V  [jvm.dll+0x78628f]
V  [jvm.dll+0x35f479]
V  [jvm.dll+0x767aa0]
V  [jvm.dll+0x3ccf1f]
V  [jvm.dll+0x3cf2b1]
C  [jli.dll+0x5207]
C  [ucrtbase.dll+0x21bb2]
C  [KERNEL32.DLL+0x17374]
C  [ntdll.dll+0x4cc91]


---------------  P R O C E S S  ---------------

Threads class SMR info:
_java_thread_list=0x000001786d6b4ab0, length=0, elements={
}

Java Threads: ( => current thread )

Other Threads:
  0x000001786f7ec800 GCTaskThread "GC Thread#0" [stack: 0x0000006c0ec00000,0x0000006c0ed00000] [id=63892]
  0x000001786f81b800 ConcurrentGCThread "G1 Main Marker" [stack: 0x0000006c0ed00000,0x0000006c0ee00000] [id=65016]
  0x000001786f81d000 ConcurrentGCThread "G1 Conc#0" [stack: 0x0000006c0ee00000,0x0000006c0ef00000] [id=21332]

[error occurred during error reporting (printing all threads), id 0xc0000005, EXCEPTION_ACCESS_VIOLATION (0xc0000005) at pc=0x00007ffbb6ba3ef7]

VM state:not at safepoint (not fully initialized)

VM Mutex/Monitor currently owned by a thread:  ([mutex/lock_event])
[0x000001786d78a830] Heap_lock - owner thread: 0x000001786f7d3800

Heap address: 0x0000000084000000, size: 1984 MB, Compressed Oops mode: Non-zero based: 0x0000000084000000
Narrow klass base: 0x0000000000000000, Narrow klass shift: 0

GC Heap History (0 events):
No events

Deoptimization events (0 events):
No events

Classes redefined (0 events):
No events

Internal exceptions (0 events):
No events

Events (1 events):
Event: 0.037 Loaded shared library C:\Program Files\Unity\Hub\Editor\2022.3.33f1\Editor\Data\PlaybackEngines\AndroidPlayer\OpenJDK\bin\zip.dll


Dynamic libraries:
0x00007ff775250000 - 0x00007ff77525d000 	C:\Program Files\Unity\Hub\Editor\2022.3.33f1\Editor\Data\PlaybackEngines\AndroidPlayer\OpenJDK\bin\java.exe
0x00007ffc3a470000 - 0x00007ffc3a668000 	C:\Windows\SYSTEM32\ntdll.dll
0x00007ffc38fe0000 - 0x00007ffc390a2000 	C:\Windows\System32\KERNEL32.DLL
0x00007ffc37d30000 - 0x00007ffc3802e000 	C:\Windows\System32\KERNELBASE.dll
0x00007ffc38390000 - 0x00007ffc38490000 	C:\Windows\System32\ucrtbase.dll
0x00007ffc07ca0000 - 0x00007ffc07cb5000 	C:\Program Files\Unity\Hub\Editor\2022.3.33f1\Editor\Data\PlaybackEngines\AndroidPlayer\OpenJDK\bin\VCRUNTIME140.dll
0x00007ffbf9080000 - 0x00007ffbf9097000 	C:\Program Files\Unity\Hub\Editor\2022.3.33f1\Editor\Data\PlaybackEngines\AndroidPlayer\OpenJDK\bin\jli.dll
0x00007ffc38760000 - 0x00007ffc388fd000 	C:\Windows\System32\USER32.dll
0x00007ffc38240000 - 0x00007ffc38262000 	C:\Windows\System32\win32u.dll
0x00007ffc396b0000 - 0x00007ffc396db000 	C:\Windows\System32\GDI32.dll
0x00007ffc36e70000 - 0x00007ffc3710a000 	C:\Windows\WinSxS\amd64_microsoft.windows.common-controls_6595b64144ccf1df_6.0.19041.4355_none_60b8b9eb71f62e16\COMCTL32.dll
0x00007ffc38270000 - 0x00007ffc38387000 	C:\Windows\System32\gdi32full.dll
0x00007ffc39570000 - 0x00007ffc3960e000 	C:\Windows\System32\msvcrt.dll
0x00007ffc38080000 - 0x00007ffc3811d000 	C:\Windows\System32\msvcp_win.dll
0x00007ffc39110000 - 0x00007ffc3913f000 	C:\Windows\System32\IMM32.DLL
0x00007ffbd70d0000 - 0x00007ffbd716b000 	C:\Program Files\Unity\Hub\Editor\2022.3.33f1\Editor\Data\PlaybackEngines\AndroidPlayer\OpenJDK\bin\msvcp140.dll
0x00007ffbb68b0000 - 0x00007ffbb7431000 	C:\Program Files\Unity\Hub\Editor\2022.3.33f1\Editor\Data\PlaybackEngines\AndroidPlayer\OpenJDK\bin\server\jvm.dll
0x00007ffc38490000 - 0x00007ffc38542000 	C:\Windows\System32\ADVAPI32.dll
0x00007ffc39460000 - 0x00007ffc39500000 	C:\Windows\System32\sechost.dll
0x00007ffc39330000 - 0x00007ffc39453000 	C:\Windows\System32\RPCRT4.dll
0x00007ffc37ba0000 - 0x00007ffc37bc7000 	C:\Windows\System32\bcrypt.dll
0x00007ffc39500000 - 0x00007ffc39508000 	C:\Windows\System32\PSAPI.DLL
0x00007ffc1e810000 - 0x00007ffc1e837000 	C:\Windows\SYSTEM32\WINMM.dll
0x00007ffc2dfb0000 - 0x00007ffc2dfb9000 	C:\Windows\SYSTEM32\WSOCK32.dll
0x00007ffc2fae0000 - 0x00007ffc2faea000 	C:\Windows\SYSTEM32\VERSION.dll
0x00007ffc386f0000 - 0x00007ffc3875b000 	C:\Windows\System32\WS2_32.dll
0x00007ffc35c70000 - 0x00007ffc35c82000 	C:\Windows\SYSTEM32\kernel.appcore.dll
0x00007ffc09e00000 - 0x00007ffc09e10000 	C:\Program Files\Unity\Hub\Editor\2022.3.33f1\Editor\Data\PlaybackEngines\AndroidPlayer\OpenJDK\bin\verify.dll
0x00007ffc37490000 - 0x00007ffc37674000 	C:\Windows\SYSTEM32\DBGHELP.DLL
0x00007ffc37200000 - 0x00007ffc37234000 	C:\Windows\SYSTEM32\dbgcore.DLL
0x00007ffc37b10000 - 0x00007ffc37b92000 	C:\Windows\System32\bcryptPrimitives.dll
0x00007ffbe2420000 - 0x00007ffbe2448000 	C:\Program Files\Unity\Hub\Editor\2022.3.33f1\Editor\Data\PlaybackEngines\AndroidPlayer\OpenJDK\bin\java.dll
0x00007ffc07c90000 - 0x00007ffc07c9a000 	C:\Program Files\Unity\Hub\Editor\2022.3.33f1\Editor\Data\PlaybackEngines\AndroidPlayer\OpenJDK\bin\jimage.dll
0x00007ffbe7c10000 - 0x00007ffbe7c28000 	C:\Program Files\Unity\Hub\Editor\2022.3.33f1\Editor\Data\PlaybackEngines\AndroidPlayer\OpenJDK\bin\zip.dll

dbghelp: loaded successfully - version: 4.0.5 - missing functions: none
symbol engine: initialized successfully - sym options: 0x614 - pdb path: .;C:\Program Files\Unity\Hub\Editor\2022.3.33f1\Editor\Data\PlaybackEngines\AndroidPlayer\OpenJDK\bin;C:\Windows\SYSTEM32;C:\Windows\WinSxS\amd64_microsoft.windows.common-controls_6595b64144ccf1df_6.0.19041.4355_none_60b8b9eb71f62e16;C:\Program Files\Unity\Hub\Editor\2022.3.33f1\Editor\Data\PlaybackEngines\AndroidPlayer\OpenJDK\bin\server

VM Arguments:
jvm_args: -Dfile.encoding=UTF-8 
java_command: <unknown>
java_class_path (initial): <not set>
Launcher Type: SUN_STANDARD

[Global flags]
     intx CICompilerCount                          = 3                                         {product} {ergonomic}
     uint ConcGCThreads                            = 1                                         {product} {ergonomic}
     uint G1ConcRefinementThreads                  = 4                                         {product} {ergonomic}
   size_t G1HeapRegionSize                         = 1048576                                   {product} {ergonomic}
    uintx GCDrainStackTargetSize                   = 64                                        {product} {ergonomic}
   size_t InitialHeapSize                          = 130023424                                 {product} {ergonomic}
   size_t MarkStackSize                            = 4194304                                   {product} {ergonomic}
   size_t MaxHeapSize                              = 2080374784                                {product} {ergonomic}
   size_t MinHeapDeltaBytes                        = 1048576                                   {product} {ergonomic}
    uintx NonNMethodCodeHeapSize                   = 5830732                                {pd product} {ergonomic}
    uintx NonProfiledCodeHeapSize                  = 122913754                              {pd product} {ergonomic}
    uintx ProfiledCodeHeapSize                     = 122913754                              {pd product} {ergonomic}
    uintx ReservedCodeCacheSize                    = 251658240                              {pd product} {ergonomic}
     bool SegmentedCodeCache                       = true                                      {product} {ergonomic}
     bool UseCompressedClassPointers               = true                                 {lp64_product} {ergonomic}
     bool UseCompressedOops                        = true                                 {lp64_product} {ergonomic}
     bool UseG1GC                                  = true                                      {product} {ergonomic}
     bool UseLargePagesIndividualAllocation        = false                                  {pd product} {ergonomic}

Logging:
Log output configuration:
 #0: stdout all=warning uptime,level,tags
 #1: stderr all=off uptime,level,tags

Environment Variables:
JAVA_HOME=C:\Program Files\Unity\Hub\Editor\2021.3.35f1\Editor\Data\PlaybackEngines\AndroidPlayer\OpenJDK
JAVA_TOOL_OPTIONS=-Dfile.encoding=UTF-8
PATH=C:\Program Files (x86)\Common Files\Intel\Shared Libraries\redist\intel64_win\compiler;C:\Windows\system32;C:\Windows;C:\Windows\System32\Wbem;C:\Windows\System32\WindowsPowerShell\v1.0\;C:\Windows\System32\OpenSSH\;C:\TDM-GCC-64\bin;C:\Program Files\LLVM\bin;C:\Program Files\dotnet\;C:\Program Files\nodejs\;C:\Program Files\Microsoft SQL Server\150\Tools\Binn\;C:\Program Files\Git\cmd;C:\Program Files (x86)\Gpg4win\..\GnuPG\bin;C:\Program Files\Microsoft SQL Server\130\Tools\Binn\;C:\Program Files\PowerShell\7\;C:\Users\glenn\scoop\shims;C:\Users\glenn\AppData\Local\Microsoft\WindowsApps;C:\Users\glenn\AppData\Local\Programs\Microsoft VS Code\bin;C:\Users\glenn\.dotnet\tools;C:\Users\glenn\AppData\Local\JetBrains\Toolbox\scripts;C:\Users\glenn\AppData\Roaming\npm;C:\Users\glenn\Downloads\nim-1.6.8_x64\nim-1.6.8\bin;C:\Users\glenn\.nimble\bin;C:\Users\glenn\AppData\Local\GitHubDesktop\bin;C:\FlutterDev\flutter\bin;C:\platform-tools;C:\Program Files\Graphviz\bin;
USERNAME=glenn
OS=Windows_NT
PROCESSOR_IDENTIFIER=Intel64 Family 6 Model 126 Stepping 5, GenuineIntel



---------------  S Y S T E M  ---------------

OS: Windows 10 , 64 bit Build 19041 (10.0.19041.4957)
OS uptime: 2 days 0:03 hours
Hyper-V role detected

CPU:total 4 (initial active 4) (2 cores per cpu, 2 threads per core) family 6 model 126 stepping 5 microcode 0xba, cmov, cx8, fxsr, mmx, sse, sse2, sse3, ssse3, sse4.1, sse4.2, popcnt, avx, avx2, aes, clmul, erms, 3dnowpref, lzcnt, ht, tsc, tscinvbit, bmi1, bmi2, adx, evex, sha, fma

Memory: 4k page, system-wide physical 7934M (213M free)
TotalPageFile size 20434M (AvailPageFile size 57M)
current process WorkingSet (physical memory assigned to process): 10M, peak: 10M
current process commit charge ("private bytes"): 51M, peak: 175M

vm_info: OpenJDK 64-Bit Server VM (11.0.14.1+1) for windows-amd64 JRE (11.0.14.1+1), built on Feb  9 2022 01:48:27 by "" with unknown MS VC++:1916

END.
